<?xml version="1.0" encoding="UTF-8"?>
<testsuite name="AccountTest" tests="1" skipped="0" failures="0" errors="0" timestamp="2021-12-28T13:24:58" hostname="chwalseuui-MacBookPro.local" time="0.026">
  <properties/>
  <testcase name="testNUllAccount()" classname="AccountTest" time="0.026"/>
  <system-out><![CDATA[]]></system-out>
  <system-err><![CDATA[]]></system-err>
</testsuite>
