<?xml version="1.0" encoding="UTF-8"?>
<testsuite name="AccountTest" tests="4" skipped="0" failures="0" errors="0" timestamp="2021-12-24T05:56:30" hostname="chwalseuui-MacBookPro.local" time="0.078">
  <properties/>
  <testcase name="testAccount()" classname="AccountTest" time="0.065"/>
  <testcase name="testWithdraw()" classname="AccountTest" time="0.003"/>
  <testcase name="testGetBalance()" classname="AccountTest" time="0.001"/>
  <testcase name="testDeposit()" classname="AccountTest" time="0.002"/>
  <system-out><![CDATA[]]></system-out>
  <system-err><![CDATA[]]></system-err>
</testsuite>
