<?xml version="1.0" encoding="UTF-8"?>
<testsuite name="AccountTest" tests="1" skipped="0" failures="0" errors="0" timestamp="2021-12-24T03:00:26" hostname="chwalseuui-MacBookPro.local" time="0.061">
  <properties/>
  <testcase name="testAccount()" classname="AccountTest" time="0.061"/>
  <system-out><![CDATA[]]></system-out>
  <system-err><![CDATA[]]></system-err>
</testsuite>
