<?xml version="1.0" encoding="UTF-8"?>
<testsuite name="AccountTest" tests="1" skipped="0" failures="0" errors="0" timestamp="2021-12-24T05:38:58" hostname="chwalseuui-MacBookPro.local" time="0.028">
  <properties/>
  <testcase name="testGetBalance()" classname="AccountTest" time="0.028"/>
  <system-out><![CDATA[]]></system-out>
  <system-err><![CDATA[]]></system-err>
</testsuite>
